Traceback (most recent call last):
  File "/opt/anaconda3/lib/python3.8/site-packages/jupyter_cache/executors/utils.py", line 51, in single_nb_execution
    executenb(
  File "/opt/anaconda3/lib/python3.8/site-packages/nbclient/client.py", line 1112, in execute
    return NotebookClient(nb=nb, resources=resources, km=km, **kwargs).execute()
  File "/opt/anaconda3/lib/python3.8/site-packages/nbclient/util.py", line 74, in wrapped
    return just_run(coro(*args, **kwargs))
  File "/opt/anaconda3/lib/python3.8/site-packages/nbclient/util.py", line 53, in just_run
    return loop.run_until_complete(coro)
  File "/opt/anaconda3/lib/python3.8/asyncio/base_events.py", line 616, in run_until_complete
    return future.result()
  File "/opt/anaconda3/lib/python3.8/site-packages/nbclient/client.py", line 553, in async_execute
    await self.async_execute_cell(
  File "/opt/anaconda3/lib/python3.8/site-packages/nbclient/client.py", line 857, in async_execute_cell
    self._check_raise_for_error(cell, exec_reply)
  File "/opt/anaconda3/lib/python3.8/site-packages/nbclient/client.py", line 760, in _check_raise_for_error
    raise CellExecutionError.from_cell_and_msg(cell, exec_reply_content)
nbclient.exceptions.CellExecutionError: An error occurred while executing the following cell:
------------------
# get output from next cell and check that it equals 'A whole new cell! Wow!'
global credit
credit = 0
if my_notebook.cells[cell_num+1]['outputs'][0]['text'].strip() == 'A whole new cell! Wow!':
    credit = 1
------------------

[0;31m---------------------------------------------------------------------------[0m
[0;31mNameError[0m                                 Traceback (most recent call last)
[0;32m<ipython-input-6-c86020853440>[0m in [0;36m<module>[0;34m[0m
[1;32m      2[0m [0;32mglobal[0m [0mcredit[0m[0;34m[0m[0;34m[0m[0m
[1;32m      3[0m [0mcredit[0m [0;34m=[0m [0;36m0[0m[0;34m[0m[0;34m[0m[0m
[0;32m----> 4[0;31m [0;32mif[0m [0mmy_notebook[0m[0;34m.[0m[0mcells[0m[0;34m[[0m[0mcell_num[0m[0;34m+[0m[0;36m1[0m[0;34m][0m[0;34m[[0m[0;34m'outputs'[0m[0;34m][0m[0;34m[[0m[0;36m0[0m[0;34m][0m[0;34m[[0m[0;34m'text'[0m[0;34m][0m[0;34m.[0m[0mstrip[0m[0;34m([0m[0;34m)[0m [0;34m==[0m [0;34m'A whole new cell! Wow!'[0m[0;34m:[0m[0;34m[0m[0;34m[0m[0m
[0m[1;32m      5[0m     [0mcredit[0m [0;34m=[0m [0;36m1[0m[0;34m[0m[0;34m[0m[0m

[0;31mNameError[0m: name 'my_notebook' is not defined
NameError: name 'my_notebook' is not defined

